\BOOKMARK [1][-]{section*.2}{\376\377\004\022\004\062\004\065\004\064\004\065\004\075\004\070\004\065}{}% 1
\BOOKMARK [1][-]{section.1}{\376\377\004\037\004\076\004\101\004\102\004\060\004\075\004\076\004\062\004\072\004\060\000\040\004\067\004\060\004\064\004\060\004\107\004\070}{}% 2
\BOOKMARK [2][-]{subsection.1.1}{\376\377\004\027\004\060\004\064\004\060\004\107\004\070\000\040\004\073\004\060\004\061\004\076\004\100\004\060\004\102\004\076\004\100\004\075\004\076\004\071\000\040\004\100\004\060\004\061\004\076\004\102\004\113}{section.1}% 3
\BOOKMARK [1][-]{section.2}{\376\377\004\020\004\077\004\077\004\060\004\100\004\060\004\102\004\075\004\076\000-\004\077\004\100\004\076\004\063\004\100\004\060\004\074\004\074\004\075\004\060\004\117\000\040\004\077\004\073\004\060\004\102\004\104\004\076\004\100\004\074\004\060\000\040\000N\000V\000I\000D\000I\000A\000\040\000C\000U\000D\000A}{}% 4
\BOOKMARK [2][-]{subsection.2.1}{\376\377\004\020\004\100\004\105\004\070\004\102\004\065\004\072\004\102\004\103\004\100\004\060\000\040\000N\000V\000I\000D\000I\000A\000\040\000C\000U\000D\000A}{section.2}% 5
\BOOKMARK [2][-]{subsection.2.2}{\376\377\004\022\004\113\004\107\004\070\004\101\004\073\004\070\004\102\004\065\004\073\004\114\004\075\004\113\004\065\000\040\004\062\004\076\004\067\004\074\004\076\004\066\004\075\004\076\004\101\004\102\004\070\000\040\000N\000V\000I\000D\000I\000A\000\040\000C\000U\000D\000A}{section.2}% 6
\BOOKMARK [2][-]{subsection.2.3}{\376\377\004\037\004\076\004\102\004\076\004\072\004\076\004\062\004\060\004\117\000\040\004\074\004\076\004\064\004\065\004\073\004\114}{section.2}% 7
\BOOKMARK [2][-]{subsection.2.4}{\376\377\004\043\004\101\004\102\004\100\004\076\004\071\004\101\004\102\004\062\004\076\000\040\004\077\004\060\004\074\004\117\004\102\004\070}{section.2}% 8
\BOOKMARK [2][-]{subsection.2.5}{\376\377\004\034\004\076\004\064\004\065\004\073\004\070\000\040\004\077\004\060\004\074\004\117\004\102\004\070}{section.2}% 9
\BOOKMARK [2][-]{subsection.2.6}{\376\377\004\034\004\076\004\064\004\065\004\073\004\114\000\040\004\062\004\113\004\107\004\070\004\101\004\073\004\065\004\075\004\070\004\071\000\040\004\075\004\060\000\040\000G\000P\000U}{section.2}% 10
\BOOKMARK [2][-]{subsection.2.7}{\376\377\004\030\004\075\004\102\004\065\004\100\004\104\004\065\004\071\004\101\000\040\004\077\004\100\004\076\004\063\004\100\004\060\004\074\004\074\004\070\004\100\004\076\004\062\004\060\004\075\004\070\004\117\000\040\000C\000U\000D\000A\000\040\000C}{section.2}% 11
\BOOKMARK [3][-]{subsubsection.2.7.1}{\376\377\004\041\004\077\004\065\004\106\004\070\004\104\004\070\004\072\004\060\004\102\004\076\004\100\004\113\000\040\004\102\004\070\004\077\004\076\004\062\000\040\004\104\004\103\004\075\004\072\004\106\004\070\004\071}{subsection.2.7}% 12
\BOOKMARK [3][-]{subsubsection.2.7.2}{\376\377\004\037\004\100\004\060\004\062\004\070\004\073\004\060\000\040\004\070\000\040\004\076\004\063\004\100\004\060\004\075\004\070\004\107\004\065\004\075\004\070\004\117\000\040\004\077\004\100\004\070\000\040\004\076\004\061\004\112\004\117\004\062\004\073\004\065\004\075\004\070\004\070\000\040\004\104\004\103\004\075\004\072\004\106\004\070\004\071}{subsection.2.7}% 13
\BOOKMARK [3][-]{subsubsection.2.7.3}{\376\377\004\041\004\077\004\065\004\106\004\070\004\104\004\070\004\072\004\060\004\102\004\076\004\100\004\113\000\040\004\102\004\070\004\077\004\076\004\062\000\040\004\077\004\065\004\100\004\065\004\074\004\065\004\075\004\075\004\113\004\105}{subsection.2.7}% 14
\BOOKMARK [3][-]{subsubsection.2.7.4}{\376\377\004\037\004\100\004\070\000\040\004\076\004\061\004\112\004\117\004\062\004\073\004\065\004\075\004\070\004\070\000\040\004\077\004\065\004\100\004\065\004\074\004\065\004\075\004\075\004\113\004\105\000\040\004\064\004\065\004\071\004\101\004\102\004\062\004\103\004\116\004\102\000\040\004\101\004\073\004\065\004\064\004\103\004\116\004\111\004\070\004\065\000\040\004\077\004\100\004\060\004\062\004\070\004\073\004\060\000\040\004\070\000\040\004\076\004\063\004\100\004\060\004\075\004\070\004\107\004\065\004\075\004\070\004\117\000:}{subsection.2.7}% 15
\BOOKMARK [3][-]{subsubsection.2.7.5}{\376\377\004\022\004\101\004\102\004\100\004\076\004\065\004\075\004\075\004\113\004\065\000\040\004\077\004\065\004\100\004\065\004\074\004\065\004\075\004\075\004\113\004\065}{subsection.2.7}% 16
\BOOKMARK [3][-]{subsubsection.2.7.6}{\376\377\004\032\004\076\004\075\004\104\004\070\004\063\004\103\004\100\004\070\004\100\004\076\004\062\004\060\004\075\004\070\004\065\000\040\004\070\004\101\004\077\004\076\004\073\004\075\004\065\004\075\004\070\004\117\000\040\004\117\004\064\004\065\004\100}{subsection.2.7}% 17
\BOOKMARK [3][-]{subsubsection.2.7.7}{\376\377\000K\000e\000r\000n\000e\000l}{subsection.2.7}% 18
\BOOKMARK [1][-]{section.3}{\376\377\004\041\004\103\004\077\004\065\004\100\004\072\004\076\004\074\004\077\004\114\004\116\004\102\004\065\004\100\004\075\004\113\004\071\000\040\004\106\004\065\004\075\004\102\004\100\000\040\000<\000<\004\037\004\076\004\073\004\070\004\102\004\065\004\105\004\075\004\070\004\107\004\065\004\101\004\072\004\070\004\071\000>\000>}{}% 19
\BOOKMARK [2][-]{subsection.3.1}{\376\377\004\041\004\076\004\101\004\102\004\060\004\062}{section.3}% 20
\BOOKMARK [2][-]{subsection.3.2}{\376\377\004\045\004\060\004\100\004\060\004\072\004\102\004\065\004\100\004\070\004\101\004\102\004\070\004\072\004\070}{section.3}% 21
\BOOKMARK [2][-]{subsection.3.3}{\376\377\004\042\004\065\004\105\004\075\004\076\004\073\004\076\004\063\004\070\004\117\000\040\004\077\004\076\004\064\004\072\004\073\004\116\004\107\004\065\004\075\004\070\004\117}{section.3}% 22
\BOOKMARK [1][-]{section.4}{\376\377\004\037\004\076\004\101\004\102\004\060\004\075\004\076\004\062\004\072\004\060\000\040\004\100\004\065\004\110\004\060\004\065\004\074\004\076\004\071\000\040\004\077\004\100\004\060\004\072\004\102\004\070\004\107\004\065\004\101\004\072\004\076\004\071\000\040\004\067\004\060\004\064\004\060\004\107\004\070}{}% 23
\BOOKMARK [1][-]{section.5}{\376\377\004\020\004\073\004\063\004\076\004\100\004\070\004\102\004\074\000\040\004\100\004\065\004\110\004\065\004\075\004\070\004\117\000\040\004\067\004\060\004\064\004\060\004\107\004\070}{}% 24
\BOOKMARK [2][-]{subsection.5.1}{\376\377\004\034\004\065\004\102\004\076\004\064\000\040\004\100\004\060\004\101\004\077\004\060\004\100\004\060\004\073\004\073\004\065\004\073\004\070\004\062\004\060\004\075\004\070\004\117\000\040\004\060\004\073\004\063\004\076\004\100\004\070\004\102\004\074\004\060}{section.5}% 25
\BOOKMARK [1][-]{section.6}{\376\377\004\036\004\077\004\070\004\101\004\060\004\075\004\070\004\065\000\040\004\115\004\072\004\101\004\077\004\065\004\100\004\070\004\074\004\065\004\075\004\102\004\060}{}% 26
\BOOKMARK [1][-]{section.7}{\376\377\004\020\004\075\004\060\004\073\004\070\004\067\000\040\004\100\004\065\004\067\004\103\004\073\004\114\004\102\004\060\004\102\004\076\004\062}{}% 27
\BOOKMARK [1][-]{section*.17}{\376\377\004\027\004\060\004\072\004\073\004\116\004\107\004\065\004\075\004\070\004\065}{}% 28
\BOOKMARK [1][-]{section*.18}{\376\377\004\041\004\077\004\070\004\101\004\076\004\072\000\040\004\070\004\101\004\102\004\076\004\107\004\075\004\070\004\072\004\076\004\062}{}% 29
